Another command holds the client lock: 
pid=22561
owner=client
cwd=/home/luxe/Desktop/repos/bazel-buildfarm

Waiting for it to complete...
Loading: 
Loading: 0 packages loaded
Analyzing: target //src/main/java/build/buildfarm:buildfarm-server (0 packages loaded, 0 targets configured)
DEBUG: /home/luxe/.cache/bazel/_bazel_luxe/56c589a07cdcca616ecf15fab617b563/external/io_grpc_grpc_java/java_grpc_library.bzl:82:14: in srcs attribute of @remote_apis//:build_bazel_remote_execution_v2_remote_execution_java_grpc: Proto source with label @remote_apis//build/bazel/remote/execution/v2:remote_execution_proto should be in same package as consuming rule
DEBUG: /home/luxe/.cache/bazel/_bazel_luxe/56c589a07cdcca616ecf15fab617b563/external/io_grpc_grpc_java/java_grpc_library.bzl:82:14: in srcs attribute of @remote_apis//:build_bazel_remote_asset_v1_remote_asset_java_grpc: Proto source with label @remote_apis//build/bazel/remote/asset/v1:remote_asset_proto should be in same package as consuming rule
INFO: Analyzed target //src/main/java/build/buildfarm:buildfarm-server (0 packages loaded, 0 targets configured).
INFO: Found 1 target...
[0 / 1] [Prepa] BazelWorkspaceStatusAction stable-status.txt
Target //src/main/java/build/buildfarm:buildfarm-server up-to-date:
  bazel-bin/src/main/java/build/buildfarm/buildfarm-server.jar
  bazel-bin/src/main/java/build/buildfarm/buildfarm-server
INFO: Elapsed time: 0.596s, Critical Path: 0.00s
INFO: 1 process: 1 internal.
INFO: Build completed successfully, 1 total action
INFO: Running command line: bazel-bin/src/main/java/build/buildfarm/buildfarm-server /buildfarm/examples/server.config.example
INFO: Build completed successfully, 1 total action
error: /buildfarm/examples/server.config.example: no such file
